<?xml version="1.0" encoding="UTF-8"?>
<testng-results ignored="0" total="1" passed="1" failed="0" skipped="0">
  <reporter-output>
    <line>
      <![CDATA[createcustomer]]>
    </line>
  </reporter-output>
  <suite started-at="2022-11-25T19:33:48 IST" name="Default suite" finished-at="2022-11-25T19:34:37 IST" duration-ms="48666">
    <groups>
    </groups>
    <test started-at="2022-11-25T19:33:48 IST" name="Default test" finished-at="2022-11-25T19:34:37 IST" duration-ms="48666">
      <class name="com.actitimeproject.testscript.CreateCustomer">
        <test-method is-config="true" signature="OpenBroswer()[pri:0, instance:com.actitimeproject.testscript.CreateCustomer@130161f7]" started-at="2022-11-25T19:33:48 IST" name="OpenBroswer" finished-at="2022-11-25T19:33:51 IST" duration-ms="3330" status="PASS">
          <reporter-output>
          </reporter-output>
        </test-method> <!-- OpenBroswer -->
        <test-method is-config="true" signature="Login()[pri:0, instance:com.actitimeproject.testscript.CreateCustomer@130161f7]" started-at="2022-11-25T19:33:51 IST" name="Login" finished-at="2022-11-25T19:34:06 IST" duration-ms="15072" status="PASS">
          <reporter-output>
          </reporter-output>
        </test-method> <!-- Login -->
        <test-method signature="CreatCustomer()[pri:0, instance:com.actitimeproject.testscript.CreateCustomer@130161f7]" started-at="2022-11-25T19:34:06 IST" name="CreatCustomer" finished-at="2022-11-25T19:34:18 IST" duration-ms="11521" status="PASS">
          <reporter-output>
            <line>
              <![CDATA[createcustomer]]>
            </line>
          </reporter-output>
        </test-method> <!-- CreatCustomer -->
        <test-method is-config="true" signature="Logout()[pri:0, instance:com.actitimeproject.testscript.CreateCustomer@130161f7]" started-at="2022-11-25T19:34:18 IST" name="Logout" finished-at="2022-11-25T19:34:20 IST" duration-ms="2454" status="PASS">
          <reporter-output>
          </reporter-output>
        </test-method> <!-- Logout -->
        <test-method is-config="true" signature="CloseBroswer()[pri:0, instance:com.actitimeproject.testscript.CreateCustomer@130161f7]" started-at="2022-11-25T19:34:20 IST" name="CloseBroswer" finished-at="2022-11-25T19:34:37 IST" duration-ms="16256" status="PASS">
          <reporter-output>
          </reporter-output>
        </test-method> <!-- CloseBroswer -->
      </class> <!-- com.actitimeproject.testscript.CreateCustomer -->
    </test> <!-- Default test -->
  </suite> <!-- Default suite -->
</testng-results>
